2025-12-02 19:40:19 - OzoneForecasting - INFO - ============================================================
2025-12-02 19:40:19 - OzoneForecasting - INFO - 🌍 ЗАПУСК ПРИЛОЖЕНИЯ OSO FORECASTING С ЭКСПЕРИМЕНТАЛЬНЫМ РЕЖИМОМ
2025-12-02 19:40:19 - OzoneForecasting - INFO - ============================================================
2025-12-02 19:40:20 - OzoneForecasting - INFO - 🚀 Запуск приложения OSO Forecasting с экспериментальным режимом
2025-12-02 19:40:20 - OzoneForecasting - INFO - Инициализирован OzoneDataLoader
2025-12-02 19:40:20 - OzoneForecasting - INFO - Инициализирована модель OzoneHybridModel
2025-12-02 19:40:21 - OzoneForecasting - INFO - ✅ Интерфейс приложения инициализирован с экспериментальным режимом
2025-12-02 19:41:21 - OzoneForecasting - INFO - Вызов функции: load_demo_data
2025-12-02 19:41:21 - OzoneForecasting - INFO - Пользователь запросил загрузку демонстрационных данных
2025-12-02 19:41:21 - OzoneForecasting - INFO - 📊 Начало операции: Создание демонстрационных данных ОСО
2025-12-02 19:41:21 - OzoneForecasting - INFO - Функция load_demo_data выполнена успешно
2025-12-02 19:41:21 - OzoneForecasting - INFO - Генерация данных за период: 1960-2024
2025-12-02 19:41:21 - OzoneForecasting - INFO - Создано демонстрационных данных: 780 записей
2025-12-02 19:41:21 - OzoneForecasting - INFO - ✅ Создание демонстрационных данных ОСО завершена. Размер данных: (780, 7)
2025-12-02 19:41:21 - OzoneForecasting - INFO - Демо-данные успешно созданы и загружены в интерфейс
2025-12-02 19:41:37 - OzoneForecasting - INFO - Вызов функции: train_model
2025-12-02 19:41:37 - OzoneForecasting - INFO - Начало процесса обучения модели
2025-12-02 19:41:37 - OzoneForecasting - INFO - Запуск потока обучения модели
2025-12-02 19:41:37 - OzoneForecasting - INFO - Функция train_model выполнена успешно
2025-12-02 19:41:43 - OzoneForecasting - INFO - 🚀 Начало обучения модели: OzoneHybridModel (Conv1D + LSTM)
2025-12-02 19:41:43 - OzoneForecasting - INFO - Вызов функции: prepare_data
2025-12-02 19:41:43 - OzoneForecasting - INFO - Подготовка данных: 780 точек, длина последовательности: 12
2025-12-02 19:41:43 - OzoneForecasting - INFO - Данные подготовлены: X.shape=(768, 12, 1), y.shape=(768,)
2025-12-02 19:41:43 - OzoneForecasting - INFO - Функция prepare_data выполнена успешно
2025-12-02 19:41:43 - OzoneForecasting - INFO - Разделение данных: train=(614, 12, 1), validation=(154, 12, 1)
2025-12-02 19:41:43 - OzoneForecasting - INFO - Построение модели с входной формой: (12, 1)
2025-12-02 19:41:44 - OzoneForecasting - INFO - Модель успешно скомпилирована
2025-12-02 19:41:44 - OzoneForecasting - INFO - Начало обучения на 50 эпох
2025-12-02 19:41:44 - OzoneForecasting - INFO - 🎯 Начало обучения нейросети
2025-12-02 19:42:04 - OzoneForecasting - INFO - 🏁 Обучение нейросети завершено
2025-12-02 19:42:04 - OzoneForecasting - INFO - Оценка качества модели...
2025-12-02 19:42:05 - OzoneForecasting - INFO - Обучение завершено! Метрики: MAE=14.073, RMSE=16.244
2025-12-02 19:42:05 - OzoneForecasting - INFO - ✅ Модель OzoneHybridModel (Conv1D + LSTM) обучена успешно. Время: 0:00:21.495815
2025-12-02 19:42:05 - OzoneForecasting - INFO - Обучение модели завершено успешно
2025-12-02 22:29:31 - OzoneForecasting - INFO - Вызов функции: run_comparison
2025-12-02 22:29:31 - OzoneForecasting - INFO - Запуск сравнительного анализа архитектур
2025-12-02 22:29:31 - OzoneForecasting - INFO - Запуск потока сравнения моделей
2025-12-02 22:29:31 - OzoneForecasting - INFO - Функция run_comparison выполнена успешно
2025-12-02 22:29:31 - OzoneForecasting - INFO - Инициализирован OzoneDataLoader
2025-12-02 22:29:31 - OzoneForecasting - INFO - Инициализирован ModelComparator для сравнения архитектур
2025-12-02 22:29:31 - OzoneForecasting - INFO - 📊 Начало операции: Создание демонстрационных данных ОСО
2025-12-02 22:29:31 - OzoneForecasting - INFO - Генерация данных за период: 1960-2024
2025-12-02 22:29:31 - OzoneForecasting - INFO - Создано демонстрационных данных: 780 записей
2025-12-02 22:29:31 - OzoneForecasting - INFO - ✅ Создание демонстрационных данных ОСО завершена. Размер данных: (780, 7)
2025-12-02 22:29:31 - OzoneForecasting - INFO - Данные подготовлены: train=(614, 12, 1), val=(154, 12, 1)
2025-12-02 22:29:34 - OzoneForecasting - INFO - Построено 6 моделей для сравнения
2025-12-02 22:29:34 - OzoneForecasting - INFO - Обучение модели: LSTM
2025-12-02 22:29:44 - OzoneForecasting - INFO - Модель LSTM: MAE=17.842, RMSE=21.868, R²=-0.901, Время=10.3с
2025-12-02 22:29:44 - OzoneForecasting - INFO - Обучение модели: Deep_LSTM
2025-12-02 22:30:06 - OzoneForecasting - INFO - Модель Deep_LSTM: MAE=13.787, RMSE=15.875, R²=-0.002, Время=21.1с
2025-12-02 22:30:06 - OzoneForecasting - INFO - Обучение модели: Bidirectional_LSTM
2025-12-02 22:30:21 - OzoneForecasting - INFO - Модель Bidirectional_LSTM: MAE=13.834, RMSE=16.064, R²=-0.026, Время=13.2с
2025-12-02 22:30:21 - OzoneForecasting - INFO - Обучение модели: GRU
2025-12-02 22:30:32 - OzoneForecasting - INFO - Модель GRU: MAE=13.795, RMSE=15.859, R²=-0.000, Время=10.7с
2025-12-02 22:30:32 - OzoneForecasting - INFO - Обучение модели: CNN
2025-12-02 22:30:36 - OzoneForecasting - INFO - Модель CNN: MAE=20.498, RMSE=24.911, R²=-1.467, Время=4.6с
2025-12-02 22:30:36 - OzoneForecasting - INFO - Обучение модели: CNN_LSTM_Hybrid
2025-12-02 22:30:52 - OzoneForecasting - INFO - Модель CNN_LSTM_Hybrid: MAE=16.243, RMSE=19.514, R²=-0.514, Время=15.0с
2025-12-02 22:30:52 - OzoneForecasting - INFO - Сравнение моделей завершено успешно
2025-12-02 22:30:52 - OzoneForecasting - INFO - Создана сравнительная таблица моделей
2025-12-02 22:33:49 - OzoneForecasting - INFO - Вызов функции: run_forecast
2025-12-02 22:33:49 - OzoneForecasting - INFO - Запуск прогноза на 12 месяцев с моделью Deep_LSTM
2025-12-02 22:33:49 - OzoneForecasting - INFO - Прогноз на 12 месяцев успешно выполнен с моделью Deep_LSTM
2025-12-02 22:33:55 - OzoneForecasting - INFO - Функция run_forecast выполнена успешно
2025-12-02 22:55:37 - OzoneForecasting - INFO - ============================================================
2025-12-02 22:55:37 - OzoneForecasting - INFO - 🌍 ЗАПУСК ПРИЛОЖЕНИЯ OSO FORECASTING С ЭКСПЕРИМЕНТАЛЬНЫМ РЕЖИМОМ
2025-12-02 22:55:37 - OzoneForecasting - INFO - ============================================================
2025-12-02 22:55:37 - OzoneForecasting - INFO - 🚀 Запуск приложения OSO Forecasting с экспериментальным режимом
2025-12-02 22:55:37 - OzoneForecasting - INFO - Инициализирован OzoneDataLoader
2025-12-02 22:55:37 - OzoneForecasting - INFO - Инициализирована модель OzoneHybridModel
2025-12-02 22:55:39 - OzoneForecasting - INFO - ✅ Интерфейс приложения инициализирован с экспериментальным режимом
2025-12-02 22:57:04 - OzoneForecasting - INFO - Вызов функции: load_demo_data
2025-12-02 22:57:04 - OzoneForecasting - INFO - Пользователь запросил загрузку демонстрационных данных
2025-12-02 22:57:04 - OzoneForecasting - INFO - 📊 Начало операции: Создание демонстрационных данных ОСО
2025-12-02 22:57:04 - OzoneForecasting - INFO - Функция load_demo_data выполнена успешно
2025-12-02 22:57:04 - OzoneForecasting - INFO - Генерация данных за период: 1960-2024
2025-12-02 22:57:04 - OzoneForecasting - INFO - Создано демонстрационных данных: 780 записей
2025-12-02 22:57:04 - OzoneForecasting - INFO - ✅ Создание демонстрационных данных ОСО завершена. Размер данных: (780, 7)
2025-12-02 22:57:04 - OzoneForecasting - INFO - Демо-данные успешно созданы и загружены в интерфейс
2025-12-02 22:57:34 - OzoneForecasting - INFO - Вызов функции: train_model
2025-12-02 22:57:34 - OzoneForecasting - INFO - Начало процесса обучения модели
2025-12-02 22:57:34 - OzoneForecasting - INFO - Запуск потока обучения модели
2025-12-02 22:57:34 - OzoneForecasting - INFO - Функция train_model выполнена успешно
2025-12-02 22:57:40 - OzoneForecasting - INFO - 🚀 Начало обучения модели: OzoneHybridModel (Conv1D + LSTM)
2025-12-02 22:57:40 - OzoneForecasting - INFO - Вызов функции: prepare_data
2025-12-02 22:57:40 - OzoneForecasting - INFO - Подготовка данных: 780 точек, длина последовательности: 12
2025-12-02 22:57:40 - OzoneForecasting - INFO - Данные подготовлены: X.shape=(768, 12, 1), y.shape=(768,)
2025-12-02 22:57:40 - OzoneForecasting - INFO - Функция prepare_data выполнена успешно
2025-12-02 22:57:40 - OzoneForecasting - INFO - Разделение данных: train=(614, 12, 1), validation=(154, 12, 1)
2025-12-02 22:57:40 - OzoneForecasting - INFO - Построение модели с входной формой: (12, 1)
2025-12-02 22:57:41 - OzoneForecasting - INFO - Модель успешно скомпилирована
2025-12-02 22:57:41 - OzoneForecasting - INFO - Начало обучения на 50 эпох
2025-12-02 22:57:41 - OzoneForecasting - INFO - 🎯 Начало обучения нейросети
2025-12-02 22:58:02 - OzoneForecasting - INFO - 🏁 Обучение нейросети завершено
2025-12-02 22:58:02 - OzoneForecasting - INFO - Оценка качества модели...
2025-12-02 22:58:02 - OzoneForecasting - INFO - Обучение завершено! Метрики: MAE=14.152, RMSE=16.051
2025-12-02 22:58:02 - OzoneForecasting - INFO - ✅ Модель OzoneHybridModel (Conv1D + LSTM) обучена успешно. Время: 0:00:22.161745
2025-12-02 22:58:02 - OzoneForecasting - INFO - Обучение модели завершено успешно
2025-12-02 22:58:53 - OzoneForecasting - INFO - Вызов функции: run_comparison
2025-12-02 22:58:53 - OzoneForecasting - INFO - Запуск сравнительного анализа архитектур
2025-12-02 22:58:53 - OzoneForecasting - INFO - Запуск потока сравнения моделей
2025-12-02 22:58:53 - OzoneForecasting - INFO - Функция run_comparison выполнена успешно
2025-12-02 22:58:53 - OzoneForecasting - INFO - Инициализирован OzoneDataLoader
2025-12-02 22:58:53 - OzoneForecasting - INFO - Инициализирован ModelComparator для сравнения архитектур
2025-12-02 22:58:53 - OzoneForecasting - INFO - 📊 Начало операции: Создание демонстрационных данных ОСО
2025-12-02 22:58:53 - OzoneForecasting - INFO - Генерация данных за период: 1960-2024
2025-12-02 22:58:53 - OzoneForecasting - INFO - Создано демонстрационных данных: 780 записей
2025-12-02 22:58:53 - OzoneForecasting - INFO - ✅ Создание демонстрационных данных ОСО завершена. Размер данных: (780, 7)
2025-12-02 22:58:53 - OzoneForecasting - INFO - Данные подготовлены: train=(614, 12, 1), val=(154, 12, 1)
2025-12-02 22:58:55 - OzoneForecasting - INFO - Построено 6 моделей для сравнения
2025-12-02 22:58:55 - OzoneForecasting - INFO - Обучение модели: LSTM
2025-12-02 22:59:06 - OzoneForecasting - INFO - Модель LSTM: MAE=14.219, RMSE=16.918, R²=-0.205, Время=10.4с
2025-12-02 22:59:06 - OzoneForecasting - INFO - Обучение модели: Deep_LSTM
2025-12-02 22:59:29 - OzoneForecasting - INFO - Модель Deep_LSTM: MAE=13.474, RMSE=15.569, R²=-0.021, Время=21.6с
2025-12-02 22:59:29 - OzoneForecasting - INFO - Обучение модели: Bidirectional_LSTM
2025-12-02 22:59:44 - OzoneForecasting - INFO - Модель Bidirectional_LSTM: MAE=13.365, RMSE=15.409, R²=0.000, Время=13.6с
2025-12-02 22:59:44 - OzoneForecasting - INFO - Обучение модели: GRU
2025-12-02 22:59:54 - OzoneForecasting - INFO - Модель GRU: MAE=14.167, RMSE=16.822, R²=-0.192, Время=10.4с
2025-12-02 22:59:54 - OzoneForecasting - INFO - Обучение модели: CNN
2025-12-02 22:59:59 - OzoneForecasting - INFO - Модель CNN: MAE=19.266, RMSE=23.436, R²=-1.313, Время=4.1с
2025-12-02 22:59:59 - OzoneForecasting - INFO - Обучение модели: CNN_LSTM_Hybrid
2025-12-02 23:00:13 - OzoneForecasting - INFO - Модель CNN_LSTM_Hybrid: MAE=13.646, RMSE=15.828, R²=-0.055, Время=13.6с
2025-12-02 23:00:13 - OzoneForecasting - INFO - Сравнение моделей завершено успешно
2025-12-02 23:00:13 - OzoneForecasting - INFO - Создана сравнительная таблица моделей
2025-12-03 00:16:32 - OzoneForecasting - INFO - Вызов функции: load_demo_data
2025-12-03 00:16:32 - OzoneForecasting - INFO - Пользователь запросил загрузку демонстрационных данных
2025-12-03 00:16:32 - OzoneForecasting - INFO - 📊 Начало операции: Создание демонстрационных данных ОСО
2025-12-03 00:16:32 - OzoneForecasting - INFO - Функция load_demo_data выполнена успешно
2025-12-03 00:16:32 - OzoneForecasting - INFO - Генерация данных за период: 1960-2024
2025-12-03 00:16:32 - OzoneForecasting - INFO - Создано демонстрационных данных: 780 записей
2025-12-03 00:16:32 - OzoneForecasting - INFO - ✅ Создание демонстрационных данных ОСО завершена. Размер данных: (780, 7)
2025-12-03 00:16:32 - OzoneForecasting - INFO - Демо-данные успешно созданы и загружены в интерфейс
2025-12-03 00:16:37 - OzoneForecasting - INFO - Вызов функции: train_model
2025-12-03 00:16:37 - OzoneForecasting - INFO - Начало процесса обучения модели
2025-12-03 00:16:37 - OzoneForecasting - INFO - Запуск потока обучения модели
2025-12-03 00:16:37 - OzoneForecasting - INFO - Функция train_model выполнена успешно
2025-12-03 00:16:43 - OzoneForecasting - INFO - 🚀 Начало обучения модели: OzoneHybridModel (Conv1D + LSTM)
2025-12-03 00:16:43 - OzoneForecasting - INFO - Вызов функции: prepare_data
2025-12-03 00:16:43 - OzoneForecasting - INFO - Подготовка данных: 780 точек, длина последовательности: 12
2025-12-03 00:16:43 - OzoneForecasting - INFO - Данные подготовлены: X.shape=(768, 12, 1), y.shape=(768,)
2025-12-03 00:16:43 - OzoneForecasting - INFO - Функция prepare_data выполнена успешно
2025-12-03 00:16:43 - OzoneForecasting - INFO - Разделение данных: train=(614, 12, 1), validation=(154, 12, 1)
2025-12-03 00:16:43 - OzoneForecasting - INFO - Построение модели с входной формой: (12, 1)
2025-12-03 00:16:44 - OzoneForecasting - INFO - Модель успешно скомпилирована
2025-12-03 00:16:44 - OzoneForecasting - INFO - Начало обучения на 50 эпох
2025-12-03 00:16:44 - OzoneForecasting - INFO - 🎯 Начало обучения нейросети
2025-12-03 00:17:09 - OzoneForecasting - INFO - 🏁 Обучение нейросети завершено
2025-12-03 00:17:09 - OzoneForecasting - INFO - Оценка качества модели...
2025-12-03 00:17:10 - OzoneForecasting - INFO - Обучение завершено! Метрики: MAE=14.448, RMSE=16.382
2025-12-03 00:17:10 - OzoneForecasting - INFO - ✅ Модель OzoneHybridModel (Conv1D + LSTM) обучена успешно. Время: 0:00:26.977073
2025-12-03 00:17:10 - OzoneForecasting - INFO - Обучение модели завершено успешно
2025-12-03 00:19:03 - OzoneForecasting - INFO - Вызов функции: load_demo_data
2025-12-03 00:19:03 - OzoneForecasting - INFO - Пользователь запросил загрузку демонстрационных данных
2025-12-03 00:19:03 - OzoneForecasting - INFO - 📊 Начало операции: Создание демонстрационных данных ОСО
2025-12-03 00:19:03 - OzoneForecasting - INFO - Функция load_demo_data выполнена успешно
2025-12-03 00:19:03 - OzoneForecasting - INFO - Генерация данных за период: 1960-2024
2025-12-03 00:19:03 - OzoneForecasting - INFO - Создано демонстрационных данных: 780 записей
2025-12-03 00:19:03 - OzoneForecasting - INFO - ✅ Создание демонстрационных данных ОСО завершена. Размер данных: (780, 7)
2025-12-03 00:19:03 - OzoneForecasting - INFO - Демо-данные успешно созданы и загружены в интерфейс
2025-12-03 00:19:10 - OzoneForecasting - INFO - Вызов функции: train_model
2025-12-03 00:19:10 - OzoneForecasting - INFO - Начало процесса обучения модели
2025-12-03 00:19:10 - OzoneForecasting - INFO - Запуск потока обучения модели
2025-12-03 00:19:10 - OzoneForecasting - INFO - Функция train_model выполнена успешно
2025-12-03 00:19:16 - OzoneForecasting - INFO - 🚀 Начало обучения модели: OzoneHybridModel (Conv1D + LSTM)
2025-12-03 00:19:16 - OzoneForecasting - INFO - Вызов функции: prepare_data
2025-12-03 00:19:16 - OzoneForecasting - INFO - Подготовка данных: 780 точек, длина последовательности: 12
2025-12-03 00:19:16 - OzoneForecasting - INFO - Данные подготовлены: X.shape=(768, 12, 1), y.shape=(768,)
2025-12-03 00:19:16 - OzoneForecasting - INFO - Функция prepare_data выполнена успешно
2025-12-03 00:19:16 - OzoneForecasting - INFO - Разделение данных: train=(614, 12, 1), validation=(154, 12, 1)
2025-12-03 00:19:16 - OzoneForecasting - INFO - Построение модели с входной формой: (12, 1)
2025-12-03 00:19:16 - OzoneForecasting - INFO - Модель успешно скомпилирована
2025-12-03 00:19:16 - OzoneForecasting - INFO - Начало обучения на 50 эпох
2025-12-03 00:19:16 - OzoneForecasting - INFO - 🎯 Начало обучения нейросети
2025-12-03 00:19:35 - OzoneForecasting - INFO - 🏁 Обучение нейросети завершено
2025-12-03 00:19:35 - OzoneForecasting - INFO - Оценка качества модели...
2025-12-03 00:19:36 - OzoneForecasting - INFO - Обучение завершено! Метрики: MAE=14.098, RMSE=16.434
2025-12-03 00:19:36 - OzoneForecasting - INFO - ✅ Модель OzoneHybridModel (Conv1D + LSTM) обучена успешно. Время: 0:00:20.035973
2025-12-03 00:19:36 - OzoneForecasting - INFO - Обучение модели завершено успешно
2025-12-03 00:19:58 - OzoneForecasting - INFO - Вызов функции: run_forecast
2025-12-03 00:19:58 - OzoneForecasting - INFO - Запуск прогноза на 12 месяцев с моделью Deep_LSTM
2025-12-03 00:19:58 - OzoneForecasting - INFO - Прогноз на 12 месяцев успешно выполнен с моделью Deep_LSTM
2025-12-03 00:20:02 - OzoneForecasting - INFO - Функция run_forecast выполнена успешно
2025-12-03 00:21:58 - OzoneForecasting - INFO - ✅ Приложение завершило работу нормально
