2025-12-01 21:45:35 - OzoneForecasting - INFO - ============================================================
2025-12-01 21:45:35 - OzoneForecasting - INFO - 🌍 ЗАПУСК ПРИЛОЖЕНИЯ OSO FORECASTING С ЭКСПЕРИМЕНТАЛЬНЫМ РЕЖИМОМ
2025-12-01 21:45:35 - OzoneForecasting - INFO - ============================================================
2025-12-01 21:45:36 - OzoneForecasting - INFO - 🚀 Запуск приложения OSO Forecasting с экспериментальным режимом
2025-12-01 21:45:36 - OzoneForecasting - INFO - Инициализирован OzoneDataLoader
2025-12-01 21:45:36 - OzoneForecasting - INFO - Инициализирована модель OzoneHybridModel
2025-12-01 21:45:37 - OzoneForecasting - INFO - ✅ Интерфейс приложения инициализирован с экспериментальным режимом
2025-12-01 21:46:09 - OzoneForecasting - ERROR - Ошибка загрузки файла: Не найдены числовые данные
2025-12-01 21:46:12 - OzoneForecasting - INFO - Вызов функции: load_demo_data
2025-12-01 21:46:12 - OzoneForecasting - INFO - Пользователь запросил загрузку демонстрационных данных
2025-12-01 21:46:12 - OzoneForecasting - INFO - 📊 Начало операции: Создание демонстрационных данных ОСО
2025-12-01 21:46:12 - OzoneForecasting - INFO - Функция load_demo_data выполнена успешно
2025-12-01 21:46:12 - OzoneForecasting - INFO - Генерация данных за период: 1960-2024
2025-12-01 21:46:12 - OzoneForecasting - INFO - Создано демонстрационных данных: 780 записей
2025-12-01 21:46:12 - OzoneForecasting - INFO - ✅ Создание демонстрационных данных ОСО завершена. Размер данных: (780, 7)
2025-12-01 21:46:12 - OzoneForecasting - INFO - Демо-данные успешно созданы и загружены в интерфейс
2025-12-01 21:46:15 - OzoneForecasting - INFO - Вызов функции: train_model
2025-12-01 21:46:15 - OzoneForecasting - INFO - Начало процесса обучения модели
2025-12-01 21:46:15 - OzoneForecasting - INFO - Запуск потока обучения модели
2025-12-01 21:46:15 - OzoneForecasting - INFO - Функция train_model выполнена успешно
2025-12-01 21:46:22 - OzoneForecasting - INFO - 🚀 Начало обучения модели: OzoneHybridModel (Conv1D + LSTM)
2025-12-01 21:46:22 - OzoneForecasting - INFO - Вызов функции: prepare_data
2025-12-01 21:46:22 - OzoneForecasting - INFO - Подготовка данных: 780 точек, длина последовательности: 12
2025-12-01 21:46:22 - OzoneForecasting - INFO - Данные подготовлены: X.shape=(768, 12, 1), y.shape=(768,)
2025-12-01 21:46:22 - OzoneForecasting - INFO - Функция prepare_data выполнена успешно
2025-12-01 21:46:22 - OzoneForecasting - INFO - Разделение данных: train=(614, 12, 1), validation=(154, 12, 1)
2025-12-01 21:46:22 - OzoneForecasting - INFO - Построение модели с входной формой: (12, 1)
2025-12-01 21:46:22 - OzoneForecasting - INFO - Модель успешно скомпилирована
2025-12-01 21:46:22 - OzoneForecasting - INFO - Начало обучения на 50 эпох
2025-12-01 21:46:23 - OzoneForecasting - INFO - 🎯 Начало обучения нейросети
2025-12-01 21:46:49 - OzoneForecasting - INFO - 🏁 Обучение нейросети завершено
2025-12-01 21:46:49 - OzoneForecasting - INFO - Оценка качества модели...
2025-12-01 21:46:56 - OzoneForecasting - INFO - Обучение завершено! Метрики: MAE=13.549, RMSE=15.970
2025-12-01 21:46:56 - OzoneForecasting - INFO - ✅ Модель OzoneHybridModel (Conv1D + LSTM) обучена успешно. Время: 0:00:34.645433
2025-12-01 21:46:56 - OzoneForecasting - INFO - Обучение модели завершено успешно
2025-12-01 21:47:03 - OzoneForecasting - INFO - Вызов функции: run_comparison
2025-12-01 21:47:03 - OzoneForecasting - INFO - Запуск сравнительного анализа архитектур
2025-12-01 21:47:03 - OzoneForecasting - INFO - Запуск потока сравнения моделей
2025-12-01 21:47:03 - OzoneForecasting - INFO - Функция run_comparison выполнена успешно
2025-12-01 21:47:03 - OzoneForecasting - INFO - Инициализирован OzoneDataLoader
2025-12-01 21:47:03 - OzoneForecasting - INFO - Инициализирован ModelComparator для сравнения архитектур
2025-12-01 21:47:03 - OzoneForecasting - INFO - 📊 Начало операции: Создание демонстрационных данных ОСО
2025-12-01 21:47:03 - OzoneForecasting - INFO - Генерация данных за период: 1960-2024
2025-12-01 21:47:03 - OzoneForecasting - INFO - Создано демонстрационных данных: 780 записей
2025-12-01 21:47:03 - OzoneForecasting - INFO - ✅ Создание демонстрационных данных ОСО завершена. Размер данных: (780, 7)
2025-12-01 21:47:03 - OzoneForecasting - INFO - Данные подготовлены: train=(614, 12, 1), val=(154, 12, 1)
2025-12-01 21:47:05 - OzoneForecasting - INFO - Построено 6 моделей для сравнения
2025-12-01 21:47:05 - OzoneForecasting - INFO - Обучение модели: LSTM
2025-12-01 21:47:17 - OzoneForecasting - INFO - Модель LSTM: MAE=14.539, RMSE=16.587, R²=-0.022, Время=10.7с
2025-12-01 21:47:17 - OzoneForecasting - INFO - Обучение модели: Deep_LSTM
2025-12-01 21:47:42 - OzoneForecasting - INFO - Модель Deep_LSTM: MAE=14.532, RMSE=16.704, R²=-0.036, Время=24.3с
2025-12-01 21:47:42 - OzoneForecasting - INFO - Обучение модели: Bidirectional_LSTM
2025-12-01 21:47:57 - OzoneForecasting - INFO - Модель Bidirectional_LSTM: MAE=14.311, RMSE=16.447, R²=-0.004, Время=14.3с
2025-12-01 21:47:57 - OzoneForecasting - INFO - Обучение модели: GRU
2025-12-01 21:48:09 - OzoneForecasting - INFO - Модель GRU: MAE=18.471, RMSE=22.691, R²=-0.912, Время=11.0с
2025-12-01 21:48:09 - OzoneForecasting - INFO - Обучение модели: CNN
2025-12-01 21:48:14 - OzoneForecasting - INFO - Модель CNN: MAE=19.298, RMSE=21.891, R²=-0.779, Время=4.2с
2025-12-01 21:48:14 - OzoneForecasting - INFO - Обучение модели: CNN_LSTM_Hybrid
2025-12-01 21:48:28 - OzoneForecasting - INFO - Модель CNN_LSTM_Hybrid: MAE=14.424, RMSE=16.415, R²=-0.000, Время=13.9с
2025-12-01 21:48:28 - OzoneForecasting - INFO - Сравнение моделей завершено успешно
2025-12-01 21:48:28 - OzoneForecasting - INFO - Создана сравнительная таблица моделей
2025-12-01 21:48:43 - OzoneForecasting - INFO - Вызов функции: run_forecast
2025-12-01 21:48:43 - OzoneForecasting - INFO - Запуск прогноза на 12 месяцев с моделью LSTM
2025-12-01 21:48:44 - OzoneForecasting - INFO - Прогноз на 12 месяцев успешно выполнен с моделью LSTM
2025-12-01 21:48:46 - OzoneForecasting - INFO - Функция run_forecast выполнена успешно
2025-12-01 21:48:48 - OzoneForecasting - INFO - Вызов функции: run_forecast
2025-12-01 21:48:48 - OzoneForecasting - INFO - Запуск прогноза на 12 месяцев с моделью Deep_LSTM
2025-12-01 21:48:48 - OzoneForecasting - INFO - Прогноз на 12 месяцев успешно выполнен с моделью Deep_LSTM
2025-12-01 21:48:50 - OzoneForecasting - INFO - Функция run_forecast выполнена успешно
2025-12-01 21:48:51 - OzoneForecasting - INFO - Вызов функции: run_forecast
2025-12-01 21:48:51 - OzoneForecasting - INFO - Запуск прогноза на 12 месяцев с моделью Bidirectional_LSTM
2025-12-01 21:48:51 - OzoneForecasting - INFO - Прогноз на 12 месяцев успешно выполнен с моделью Bidirectional_LSTM
2025-12-01 21:48:53 - OzoneForecasting - INFO - Функция run_forecast выполнена успешно
2025-12-01 21:48:55 - OzoneForecasting - INFO - Вызов функции: run_forecast
2025-12-01 21:48:55 - OzoneForecasting - INFO - Запуск прогноза на 12 месяцев с моделью GRU
2025-12-01 21:48:55 - OzoneForecasting - INFO - Прогноз на 12 месяцев успешно выполнен с моделью GRU
2025-12-01 21:48:57 - OzoneForecasting - INFO - Функция run_forecast выполнена успешно
2025-12-01 21:48:59 - OzoneForecasting - INFO - Вызов функции: run_forecast
2025-12-01 21:48:59 - OzoneForecasting - INFO - Запуск прогноза на 12 месяцев с моделью CNN
2025-12-01 21:48:59 - OzoneForecasting - INFO - Прогноз на 12 месяцев успешно выполнен с моделью CNN
2025-12-01 21:49:00 - OzoneForecasting - INFO - Функция run_forecast выполнена успешно
2025-12-01 21:49:03 - OzoneForecasting - INFO - Вызов функции: run_forecast
2025-12-01 21:49:03 - OzoneForecasting - INFO - Запуск прогноза на 12 месяцев с моделью CNN_LSTM_Hybrid
2025-12-01 21:49:03 - OzoneForecasting - INFO - Прогноз на 12 месяцев успешно выполнен с моделью CNN_LSTM_Hybrid
2025-12-01 21:49:04 - OzoneForecasting - INFO - Функция run_forecast выполнена успешно
2025-12-01 21:49:51 - OzoneForecasting - INFO - ✅ Приложение завершило работу нормально
2025-12-01 22:07:48 - OzoneForecasting - INFO - ============================================================
2025-12-01 22:07:48 - OzoneForecasting - INFO - 🌍 ЗАПУСК ПРИЛОЖЕНИЯ OSO FORECASTING С ЭКСПЕРИМЕНТАЛЬНЫМ РЕЖИМОМ
2025-12-01 22:07:48 - OzoneForecasting - INFO - ============================================================
2025-12-01 22:07:48 - OzoneForecasting - INFO - 🚀 Запуск приложения OSO Forecasting с экспериментальным режимом
2025-12-01 22:07:48 - OzoneForecasting - INFO - Инициализирован OzoneDataLoader
2025-12-01 22:07:48 - OzoneForecasting - INFO - Инициализирована модель OzoneHybridModel
2025-12-01 22:07:50 - OzoneForecasting - INFO - ✅ Интерфейс приложения инициализирован с экспериментальным режимом
2025-12-01 22:08:01 - OzoneForecasting - INFO - Вызов функции: load_demo_data
2025-12-01 22:08:01 - OzoneForecasting - INFO - Пользователь запросил загрузку демонстрационных данных
2025-12-01 22:08:01 - OzoneForecasting - INFO - 📊 Начало операции: Создание демонстрационных данных ОСО
2025-12-01 22:08:01 - OzoneForecasting - INFO - Функция load_demo_data выполнена успешно
2025-12-01 22:08:01 - OzoneForecasting - INFO - Генерация данных за период: 1960-2024
2025-12-01 22:08:01 - OzoneForecasting - INFO - Создано демонстрационных данных: 780 записей
2025-12-01 22:08:01 - OzoneForecasting - INFO - ✅ Создание демонстрационных данных ОСО завершена. Размер данных: (780, 7)
2025-12-01 22:08:01 - OzoneForecasting - INFO - Демо-данные успешно созданы и загружены в интерфейс
2025-12-01 22:08:05 - OzoneForecasting - INFO - Вызов функции: train_model
2025-12-01 22:08:05 - OzoneForecasting - INFO - Начало процесса обучения модели
2025-12-01 22:08:05 - OzoneForecasting - INFO - Запуск потока обучения модели
2025-12-01 22:08:05 - OzoneForecasting - INFO - Функция train_model выполнена успешно
2025-12-01 22:08:11 - OzoneForecasting - INFO - 🚀 Начало обучения модели: OzoneHybridModel (Conv1D + LSTM)
2025-12-01 22:08:11 - OzoneForecasting - INFO - Вызов функции: prepare_data
2025-12-01 22:08:11 - OzoneForecasting - INFO - Подготовка данных: 780 точек, длина последовательности: 12
2025-12-01 22:08:11 - OzoneForecasting - INFO - Данные подготовлены: X.shape=(768, 12, 1), y.shape=(768,)
2025-12-01 22:08:11 - OzoneForecasting - INFO - Функция prepare_data выполнена успешно
2025-12-01 22:08:11 - OzoneForecasting - INFO - Разделение данных: train=(614, 12, 1), validation=(154, 12, 1)
2025-12-01 22:08:11 - OzoneForecasting - INFO - Построение модели с входной формой: (12, 1)
2025-12-01 22:08:12 - OzoneForecasting - INFO - Модель успешно скомпилирована
2025-12-01 22:08:12 - OzoneForecasting - INFO - Начало обучения на 50 эпох
2025-12-01 22:08:12 - OzoneForecasting - INFO - 🎯 Начало обучения нейросети
2025-12-01 22:08:33 - OzoneForecasting - INFO - 🏁 Обучение нейросети завершено
2025-12-01 22:08:33 - OzoneForecasting - INFO - Оценка качества модели...
2025-12-01 22:08:34 - OzoneForecasting - INFO - Обучение завершено! Метрики: MAE=14.175, RMSE=16.311
2025-12-01 22:08:34 - OzoneForecasting - INFO - ✅ Модель OzoneHybridModel (Conv1D + LSTM) обучена успешно. Время: 0:00:22.459693
2025-12-01 22:08:34 - OzoneForecasting - INFO - Обучение модели завершено успешно
2025-12-01 22:09:06 - OzoneForecasting - INFO - Вызов функции: run_comparison
2025-12-01 22:09:06 - OzoneForecasting - INFO - Запуск сравнительного анализа архитектур
2025-12-01 22:09:06 - OzoneForecasting - INFO - Запуск потока сравнения моделей
2025-12-01 22:09:06 - OzoneForecasting - INFO - Функция run_comparison выполнена успешно
2025-12-01 22:09:06 - OzoneForecasting - INFO - Инициализирован OzoneDataLoader
2025-12-01 22:09:06 - OzoneForecasting - INFO - Инициализирован ModelComparator для сравнения архитектур
2025-12-01 22:09:06 - OzoneForecasting - INFO - 📊 Начало операции: Создание демонстрационных данных ОСО
2025-12-01 22:09:06 - OzoneForecasting - INFO - Генерация данных за период: 1960-2024
2025-12-01 22:09:06 - OzoneForecasting - INFO - Создано демонстрационных данных: 780 записей
2025-12-01 22:09:06 - OzoneForecasting - INFO - ✅ Создание демонстрационных данных ОСО завершена. Размер данных: (780, 7)
2025-12-01 22:09:06 - OzoneForecasting - INFO - Данные подготовлены: train=(614, 12, 1), val=(154, 12, 1)
2025-12-01 22:09:09 - OzoneForecasting - INFO - Построено 6 моделей для сравнения
2025-12-01 22:09:09 - OzoneForecasting - INFO - Обучение модели: LSTM
2025-12-01 22:09:20 - OzoneForecasting - INFO - Модель LSTM: MAE=89.945, RMSE=91.282, R²=-33.400, Время=10.5с
2025-12-01 22:09:20 - OzoneForecasting - INFO - Обучение модели: Deep_LSTM
2025-12-01 22:09:43 - OzoneForecasting - INFO - Модель Deep_LSTM: MAE=13.680, RMSE=15.808, R²=-0.032, Время=22.6с
2025-12-01 22:09:43 - OzoneForecasting - INFO - Обучение модели: Bidirectional_LSTM
2025-12-01 22:09:57 - OzoneForecasting - INFO - Вызов функции: run_forecast
2025-12-01 22:09:57 - OzoneForecasting - INFO - Запуск прогноза на 12 месяцев с моделью LSTM
2025-12-01 22:09:57 - OzoneForecasting - ERROR - Ошибка выполнения прогноза: argument of type 'NoneType' is not iterable
2025-12-01 22:09:58 - OzoneForecasting - INFO - Модель Bidirectional_LSTM: MAE=13.641, RMSE=15.750, R²=-0.024, Время=13.5с
2025-12-01 22:09:58 - OzoneForecasting - INFO - Обучение модели: GRU
2025-12-01 22:09:59 - OzoneForecasting - INFO - Функция run_forecast выполнена успешно
2025-12-01 22:10:09 - OzoneForecasting - INFO - Модель GRU: MAE=15.370, RMSE=18.765, R²=-0.454, Время=10.5с
2025-12-01 22:10:09 - OzoneForecasting - INFO - Обучение модели: CNN
2025-12-01 22:10:14 - OzoneForecasting - INFO - Модель CNN: MAE=17.562, RMSE=19.996, R²=-0.651, Время=4.4с
2025-12-01 22:10:14 - OzoneForecasting - INFO - Обучение модели: CNN_LSTM_Hybrid
2025-12-01 22:10:17 - OzoneForecasting - INFO - ✅ Приложение завершило работу нормально
2025-12-01 22:19:57 - OzoneForecasting - INFO - ============================================================
2025-12-01 22:19:57 - OzoneForecasting - INFO - 🌍 ЗАПУСК ПРИЛОЖЕНИЯ OSO FORECASTING С ЭКСПЕРИМЕНТАЛЬНЫМ РЕЖИМОМ
2025-12-01 22:19:57 - OzoneForecasting - INFO - ============================================================
2025-12-01 22:19:57 - OzoneForecasting - INFO - 🚀 Запуск приложения OSO Forecasting с экспериментальным режимом
2025-12-01 22:19:57 - OzoneForecasting - INFO - Инициализирован OzoneDataLoader
2025-12-01 22:19:57 - OzoneForecasting - INFO - Инициализирована модель OzoneHybridModel
2025-12-01 22:19:59 - OzoneForecasting - INFO - ✅ Интерфейс приложения инициализирован с экспериментальным режимом
2025-12-01 22:20:03 - OzoneForecasting - INFO - ✅ Приложение завершило работу нормально
2025-12-01 22:34:20 - OzoneForecasting - INFO - ============================================================
2025-12-01 22:34:20 - OzoneForecasting - INFO - 🌍 ЗАПУСК ПРИЛОЖЕНИЯ OSO FORECASTING С ЭКСПЕРИМЕНТАЛЬНЫМ РЕЖИМОМ
2025-12-01 22:34:20 - OzoneForecasting - INFO - ============================================================
2025-12-01 22:34:20 - OzoneForecasting - INFO - 🚀 Запуск приложения OSO Forecasting с экспериментальным режимом
2025-12-01 22:34:20 - OzoneForecasting - INFO - Инициализирован OzoneDataLoader
2025-12-01 22:34:20 - OzoneForecasting - INFO - Инициализирована модель OzoneHybridModel
2025-12-01 22:34:22 - OzoneForecasting - INFO - ✅ Интерфейс приложения инициализирован с экспериментальным режимом
2025-12-01 22:34:26 - OzoneForecasting - INFO - ✅ Приложение завершило работу нормально
