2025-09-14 18:26:28 - oso_forecasting - INFO - ============================================================
2025-09-14 18:26:28 - oso_forecasting - INFO - ЗАПУСК ПРОГРАММЫ ПРОГНОЗИРОВАНИЯ ОСО
2025-09-14 18:26:28 - oso_forecasting - INFO - ============================================================
2025-09-14 18:26:28 - oso_forecasting - INFO - Режим работы: full
2025-09-14 18:26:28 - oso_forecasting - INFO - Уровень логирования: INFO
2025-09-14 18:26:28 - oso_forecasting - INFO - === ЗАПУСК РЕЖИМА ОБУЧЕНИЯ ===
2025-09-14 18:26:28 - oso_forecasting - ERROR - Не удалось подготовить данные для обучения!
2025-09-14 18:29:41 - oso_forecasting - INFO - ============================================================
2025-09-14 18:29:41 - oso_forecasting - INFO - ЗАПУСК ПРОГРАММЫ ПРОГНОЗИРОВАНИЯ ОСО
2025-09-14 18:29:41 - oso_forecasting - INFO - ============================================================
2025-09-14 18:29:41 - oso_forecasting - INFO - Режим работы: full
2025-09-14 18:29:41 - oso_forecasting - INFO - Уровень логирования: INFO
2025-09-14 18:29:41 - oso_forecasting - INFO - === ЗАПУСК РЕЖИМА ОБУЧЕНИЯ ===
2025-09-14 18:29:41 - oso_forecasting - ERROR - Не удалось подготовить данные для обучения!
2025-09-14 18:59:46 - oso_forecasting - INFO - ============================================================
2025-09-14 18:59:46 - oso_forecasting - INFO - ЗАПУСК ПРОГРАММЫ ПРОГНОЗИРОВАНИЯ ОСО
2025-09-14 18:59:46 - oso_forecasting - INFO - ============================================================
2025-09-14 18:59:46 - oso_forecasting - INFO - Режим работы: full
2025-09-14 18:59:46 - oso_forecasting - INFO - Уровень логирования: INFO
2025-09-14 18:59:46 - oso_forecasting - INFO - === ЗАПУСК РЕЖИМА ОБУЧЕНИЯ ===
2025-09-14 18:59:46 - oso_forecasting - ERROR - Не удалось подготовить данные для обучения!
2025-09-14 19:03:26 - oso_forecasting - INFO - ============================================================
2025-09-14 19:03:26 - oso_forecasting - INFO - ЗАПУСК ПРОГРАММЫ ПРОГНОЗИРОВАНИЯ ОСО
2025-09-14 19:03:26 - oso_forecasting - INFO - ============================================================
2025-09-14 19:03:26 - oso_forecasting - INFO - Режим работы: full
2025-09-14 19:03:26 - oso_forecasting - INFO - Уровень логирования: INFO
2025-09-14 19:03:26 - oso_forecasting - INFO - === ЗАПУСК РЕЖИМА ОБУЧЕНИЯ ===
2025-09-14 19:03:26 - oso_forecasting - ERROR - Не удалось подготовить данные для обучения!
